[23-May-2024 12:51:52 UTC] PHP Warning:  Attempt to read property "title" on null in C:\Users\thoma\Local Sites\planty\app\public\wp-includes\class-wp-customize-widgets.php on line 905
[23-May-2024 13:04:54 UTC] PHP Warning:  Attempt to read property "title" on null in C:\Users\thoma\Local Sites\planty\app\public\wp-includes\class-wp-customize-widgets.php on line 905
[23-May-2024 13:45:31 UTC] PHP Warning:  Attempt to read property "title" on null in C:\Users\thoma\Local Sites\planty\app\public\wp-includes\class-wp-customize-widgets.php on line 905
[23-May-2024 13:50:45 UTC] PHP Warning:  Attempt to read property "title" on null in C:\Users\thoma\Local Sites\planty\app\public\wp-includes\class-wp-customize-widgets.php on line 905
[07-Jun-2024 09:39:08 UTC] PHP Parse error:  Unclosed '{' on line 12 in C:\Users\thoma\Local Sites\planty\app\public\wp-content\themes\hello-elementor-enfant\functions.php on line 32
[07-Jun-2024 09:39:08 UTC] PHP Parse error:  Unclosed '{' on line 12 in C:\Users\thoma\Local Sites\planty\app\public\wp-content\themes\hello-elementor-enfant\functions.php on line 32
[07-Jun-2024 09:40:31 UTC] PHP Parse error:  Unclosed '{' on line 12 in C:\Users\thoma\Local Sites\planty\app\public\wp-content\themes\hello-elementor-enfant\functions.php on line 32
[07-Jun-2024 09:40:31 UTC] PHP Warning:  Trying to access array offset on value of type bool in C:\Users\thoma\Local Sites\planty\app\public\wp-includes\class-wp-recovery-mode-email-service.php on line 367
[07-Jun-2024 09:40:31 UTC] PHP Warning:  Trying to access array offset on value of type bool in C:\Users\thoma\Local Sites\planty\app\public\wp-includes\class-wp-recovery-mode-email-service.php on line 368
[07-Jun-2024 09:40:37 UTC] PHP Parse error:  Unclosed '{' on line 12 in C:\Users\thoma\Local Sites\planty\app\public\wp-content\themes\hello-elementor-enfant\functions.php on line 32
[07-Jun-2024 09:40:37 UTC] PHP Parse error:  Unclosed '{' on line 12 in C:\Users\thoma\Local Sites\planty\app\public\wp-content\themes\hello-elementor-enfant\functions.php on line 32
[07-Jun-2024 09:40:38 UTC] PHP Parse error:  Unclosed '{' on line 12 in C:\Users\thoma\Local Sites\planty\app\public\wp-content\themes\hello-elementor-enfant\functions.php on line 32
[07-Jun-2024 09:40:39 UTC] PHP Parse error:  Unclosed '{' on line 12 in C:\Users\thoma\Local Sites\planty\app\public\wp-content\themes\hello-elementor-enfant\functions.php on line 32
[07-Jun-2024 09:41:53 UTC] PHP Parse error:  syntax error, unexpected variable "$admin_link" in C:\Users\thoma\Local Sites\planty\app\public\wp-content\themes\hello-elementor-enfant\functions.php on line 15
[07-Jun-2024 09:41:54 UTC] PHP Parse error:  syntax error, unexpected variable "$admin_link" in C:\Users\thoma\Local Sites\planty\app\public\wp-content\themes\hello-elementor-enfant\functions.php on line 15
[07-Jun-2024 10:13:19 UTC] PHP Warning:  Attempt to read property "title" on null in C:\Users\thoma\Local Sites\planty\app\public\wp-includes\class-wp-customize-widgets.php on line 905
[07-Jun-2024 10:38:40 UTC] PHP Warning:  Attempt to read property "title" on null in C:\Users\thoma\Local Sites\planty\app\public\wp-includes\class-wp-customize-widgets.php on line 905
[10-Jun-2024 11:33:47 UTC] Cron reschedule event error for hook: action_scheduler_run_queue, Error code: invalid_schedule, Error message: Event schedule does not exist., Data: {"schedule":"every_minute","args":["WP Cron"],"interval":60}
[11-Jun-2024 12:14:27 UTC] PHP Parse error:  syntax error, unexpected token "if", expecting "," or ";" in C:\Users\thoma\Local Sites\planty\app\public\wp-content\themes\hello-elementor-enfant\functions.php on line 10
[11-Jun-2024 12:14:44 UTC] PHP Parse error:  syntax error, unexpected token "if", expecting "," or ";" in C:\Users\thoma\Local Sites\planty\app\public\wp-content\themes\hello-elementor-enfant\functions.php on line 10
[11-Jun-2024 12:14:44 UTC] PHP Warning:  Trying to access array offset on value of type bool in C:\Users\thoma\Local Sites\planty\app\public\wp-includes\class-wp-recovery-mode-email-service.php on line 367
[11-Jun-2024 12:14:44 UTC] PHP Warning:  Trying to access array offset on value of type bool in C:\Users\thoma\Local Sites\planty\app\public\wp-includes\class-wp-recovery-mode-email-service.php on line 368
[11-Jun-2024 12:14:49 UTC] PHP Parse error:  syntax error, unexpected token "function", expecting "," or ";" in C:\Users\thoma\Local Sites\planty\app\public\wp-content\themes\hello-elementor-enfant\functions.php on line 8
[11-Jun-2024 12:14:50 UTC] PHP Parse error:  syntax error, unexpected token "function", expecting "," or ";" in C:\Users\thoma\Local Sites\planty\app\public\wp-content\themes\hello-elementor-enfant\functions.php on line 8
[11-Jun-2024 12:15:02 UTC] PHP Parse error:  syntax error, unexpected token "function", expecting "," or ";" in C:\Users\thoma\Local Sites\planty\app\public\wp-content\themes\hello-elementor-enfant\functions.php on line 8
[11-Jun-2024 12:15:04 UTC] PHP Parse error:  syntax error, unexpected token "function", expecting "," or ";" in C:\Users\thoma\Local Sites\planty\app\public\wp-content\themes\hello-elementor-enfant\functions.php on line 8
[11-Jun-2024 12:15:07 UTC] PHP Parse error:  syntax error, unexpected token "if", expecting "," or ";" in C:\Users\thoma\Local Sites\planty\app\public\wp-content\themes\hello-elementor-enfant\functions.php on line 10
[11-Jun-2024 12:17:25 UTC] PHP Parse error:  syntax error, unexpected variable "$admin_link", expecting "," or ";" in C:\Users\thoma\Local Sites\planty\app\public\wp-content\themes\hello-elementor-enfant\functions.php on line 12
[11-Jun-2024 12:18:03 UTC] PHP Parse error:  syntax error, unexpected variable "$admin_link", expecting "," or ";" in C:\Users\thoma\Local Sites\planty\app\public\wp-content\themes\hello-elementor-enfant\functions.php on line 12
[11-Jun-2024 12:18:05 UTC] PHP Parse error:  syntax error, unexpected variable "$admin_link", expecting "," or ";" in C:\Users\thoma\Local Sites\planty\app\public\wp-content\themes\hello-elementor-enfant\functions.php on line 12
[11-Jun-2024 12:18:44 UTC] PHP Parse error:  syntax error, unexpected variable "$admin_link", expecting "," or ";" in C:\Users\thoma\Local Sites\planty\app\public\wp-content\themes\hello-elementor-enfant\functions.php on line 12
[11-Jun-2024 12:20:04 UTC] PHP Parse error:  syntax error, unexpected variable "$admin_link", expecting "," or ";" in C:\Users\thoma\Local Sites\planty\app\public\wp-content\themes\hello-elementor-enfant\functions.php on line 12
[11-Jun-2024 12:20:05 UTC] PHP Parse error:  syntax error, unexpected variable "$admin_link", expecting "," or ";" in C:\Users\thoma\Local Sites\planty\app\public\wp-content\themes\hello-elementor-enfant\functions.php on line 12
[11-Jun-2024 12:20:45 UTC] PHP Parse error:  syntax error, unexpected variable "$admin_link", expecting "," or ";" in C:\Users\thoma\Local Sites\planty\app\public\wp-content\themes\hello-elementor-enfant\functions.php on line 12
[11-Jun-2024 12:22:04 UTC] PHP Parse error:  syntax error, unexpected variable "$admin_link", expecting "," or ";" in C:\Users\thoma\Local Sites\planty\app\public\wp-content\themes\hello-elementor-enfant\functions.php on line 12
[11-Jun-2024 12:22:06 UTC] PHP Parse error:  syntax error, unexpected variable "$admin_link", expecting "," or ";" in C:\Users\thoma\Local Sites\planty\app\public\wp-content\themes\hello-elementor-enfant\functions.php on line 12
[11-Jun-2024 12:22:45 UTC] PHP Parse error:  syntax error, unexpected variable "$admin_link", expecting "," or ";" in C:\Users\thoma\Local Sites\planty\app\public\wp-content\themes\hello-elementor-enfant\functions.php on line 12
[11-Jun-2024 12:23:33 UTC] PHP Parse error:  syntax error, unexpected variable "$admin_link", expecting "," or ";" in C:\Users\thoma\Local Sites\planty\app\public\wp-content\themes\hello-elementor-enfant\functions.php on line 12
[11-Jun-2024 12:23:34 UTC] PHP Parse error:  syntax error, unexpected variable "$admin_link", expecting "," or ";" in C:\Users\thoma\Local Sites\planty\app\public\wp-content\themes\hello-elementor-enfant\functions.php on line 12
[11-Jun-2024 12:23:49 UTC] PHP Parse error:  syntax error, unexpected token "if", expecting "," or ";" in C:\Users\thoma\Local Sites\planty\app\public\wp-content\themes\hello-elementor-enfant\functions.php on line 10
[11-Jun-2024 12:39:21 UTC] Nom du menu : Footer
[11-Jun-2024 12:39:21 UTC] Nom du menu : Header
[11-Jun-2024 12:39:35 UTC] Nom du menu : Footer
[11-Jun-2024 12:39:35 UTC] Nom du menu : Header
[11-Jun-2024 12:39:59 UTC] Nom du menu : Footer
[11-Jun-2024 12:39:59 UTC] Nom du menu : Header
[11-Jun-2024 12:40:09 UTC] PHP Fatal error:  Uncaught TypeError: call_user_func_array(): Argument #1 ($callback) must be a valid callback, function "log_menu_names" not found or invalid function name in C:\Users\thoma\Local Sites\planty\app\public\wp-includes\class-wp-hook.php:324
Stack trace:
#0 C:\Users\thoma\Local Sites\planty\app\public\wp-includes\class-wp-hook.php(348): WP_Hook->apply_filters(NULL, Array)
#1 C:\Users\thoma\Local Sites\planty\app\public\wp-includes\plugin.php(517): WP_Hook->do_action(Array)
#2 C:\Users\thoma\Local Sites\planty\app\public\wp-settings.php(717): do_action('wp_loaded')
#3 C:\Users\thoma\Local Sites\planty\app\public\wp-config.php(103): require_once('C:\\Users\\thoma\\...')
#4 C:\Users\thoma\Local Sites\planty\app\public\wp-load.php(50): require_once('C:\\Users\\thoma\\...')
#5 C:\Users\thoma\Local Sites\planty\app\public\wp-blog-header.php(13): require_once('C:\\Users\\thoma\\...')
#6 C:\Users\thoma\Local Sites\planty\app\public\index.php(17): require('C:\\Users\\thoma\\...')
#7 {main}
  thrown in C:\Users\thoma\Local Sites\planty\app\public\wp-includes\class-wp-hook.php on line 324
[11-Jun-2024 12:40:58 UTC] PHP Parse error:  syntax error, unexpected token "if", expecting "," or ";" in C:\Users\thoma\Local Sites\planty\app\public\wp-content\themes\hello-elementor-enfant\functions.php on line 10
[11-Jun-2024 12:41:09 UTC] PHP Parse error:  syntax error, unexpected token "&&" in C:\Users\thoma\Local Sites\planty\app\public\wp-content\themes\hello-elementor-enfant\functions.php on line 9
[11-Jun-2024 12:41:17 UTC] PHP Parse error:  syntax error, unexpected token "if", expecting "," or ";" in C:\Users\thoma\Local Sites\planty\app\public\wp-content\themes\hello-elementor-enfant\functions.php on line 10
[11-Jun-2024 12:41:17 UTC] PHP Parse error:  syntax error, unexpected token "if", expecting "," or ";" in C:\Users\thoma\Local Sites\planty\app\public\wp-content\themes\hello-elementor-enfant\functions.php on line 10
[11-Jun-2024 12:41:18 UTC] PHP Parse error:  syntax error, unexpected token "if", expecting "," or ";" in C:\Users\thoma\Local Sites\planty\app\public\wp-content\themes\hello-elementor-enfant\functions.php on line 10
[11-Jun-2024 12:41:30 UTC] PHP Parse error:  syntax error, unexpected token "if", expecting "," or ";" in C:\Users\thoma\Local Sites\planty\app\public\wp-content\themes\hello-elementor-enfant\functions.php on line 10
[11-Jun-2024 12:41:31 UTC] PHP Parse error:  syntax error, unexpected token "if", expecting "," or ";" in C:\Users\thoma\Local Sites\planty\app\public\wp-content\themes\hello-elementor-enfant\functions.php on line 10
[11-Jun-2024 12:41:35 UTC] PHP Parse error:  syntax error, unexpected token "if", expecting "," or ";" in C:\Users\thoma\Local Sites\planty\app\public\wp-content\themes\hello-elementor-enfant\functions.php on line 10
[11-Jun-2024 12:41:42 UTC] PHP Parse error:  syntax error, unexpected token "if", expecting "," or ";" in C:\Users\thoma\Local Sites\planty\app\public\wp-content\themes\hello-elementor-enfant\functions.php on line 10
